[ 2016-09-01T07:45:08+08:00 ] 127.0.0.1 /
INFO: [ app_init ] --START--
INFO: Run Behavior\BuildLiteBehavior [ RunTime:0.000057s ]
INFO: [ app_init ] --END-- [ RunTime:0.069470s ]
INFO: [ app_begin ] --START--
INFO: Run Behavior\ReadHtmlCacheBehavior [ RunTime:0.019775s ]
INFO: [ app_begin ] --END-- [ RunTime:0.019880s ]
INFO: [ view_parse ] --START--
INFO: [ template_filter ] --START--
INFO: Run Behavior\ContentReplaceBehavior [ RunTime:0.040816s ]
INFO: [ template_filter ] --END-- [ RunTime:0.040936s ]
INFO: Run Behavior\ParseTemplateBehavior [ RunTime:0.174323s ]
INFO: [ view_parse ] --END-- [ RunTime:0.174435s ]
INFO: [ view_filter ] --START--
INFO: Run Behavior\WriteHtmlCacheBehavior [ RunTime:0.021416s ]
INFO: [ view_filter ] --END-- [ RunTime:0.021521s ]
INFO: [ app_end ] --START--
INFO: Run Behavior\ShowPageTraceBehavior [ RunTime:0.002498s ]
INFO: [ app_end ] --END-- [ RunTime:0.002621s ]

[ 2016-09-01T07:45:13+08:00 ] 127.0.0.1 /index.php/Home/Index/search.html
INFO: [ app_init ] --START--
INFO: Run Behavior\BuildLiteBehavior [ RunTime:0.000017s ]
INFO: [ app_init ] --END-- [ RunTime:0.000460s ]
INFO: [ app_begin ] --START--
INFO: Run Behavior\ReadHtmlCacheBehavior [ RunTime:0.000534s ]
INFO: [ app_begin ] --END-- [ RunTime:0.000593s ]
SQL: SHOW COLUMNS FROM `m_user` [ RunTime:0.5008s ]
SQL: SELECT `avatar` FROM `m_user` WHERE `username` = '' LIMIT 1   [ RunTime:0.0096s ]

[ 2016-09-01T07:45:53+08:00 ] 127.0.0.1 /index.php/Home/Index/search.html
INFO: [ app_init ] --START--
INFO: Run Behavior\BuildLiteBehavior [ RunTime:0.000018s ]
INFO: [ app_init ] --END-- [ RunTime:0.000385s ]
INFO: [ app_begin ] --START--
INFO: Run Behavior\ReadHtmlCacheBehavior [ RunTime:0.000555s ]
INFO: [ app_begin ] --END-- [ RunTime:0.000625s ]
SQL: SHOW COLUMNS FROM `m_user` [ RunTime:0.0056s ]
SQL: SELECT `avatar` FROM `m_user` WHERE `username` = 'wangjie' LIMIT 1   [ RunTime:0.0003s ]

[ 2016-09-01T07:46:05+08:00 ] 127.0.0.1 /index.php/Home/Index/check.html
INFO: [ app_init ] --START--
INFO: Run Behavior\BuildLiteBehavior [ RunTime:0.000025s ]
INFO: [ app_init ] --END-- [ RunTime:0.000286s ]
INFO: [ app_begin ] --START--
INFO: Run Behavior\ReadHtmlCacheBehavior [ RunTime:0.000302s ]
INFO: [ app_begin ] --END-- [ RunTime:0.000336s ]
SQL: SHOW COLUMNS FROM `m_user` [ RunTime:0.0214s ]
SQL: SELECT `user_id` FROM `m_user` WHERE `username` = 'wangjie' LIMIT 1   [ RunTime:0.0003s ]
SQL: SELECT `password` FROM `m_user` WHERE `username` = 'wangjie' LIMIT 1   [ RunTime:0.0002s ]

[ 2016-09-01T07:46:05+08:00 ] 127.0.0.1 /index.php/Home/Main/main.html
INFO: [ app_init ] --START--
INFO: Run Behavior\BuildLiteBehavior [ RunTime:0.000010s ]
INFO: [ app_init ] --END-- [ RunTime:0.000257s ]
INFO: [ app_begin ] --START--
INFO: Run Behavior\ReadHtmlCacheBehavior [ RunTime:0.000389s ]
INFO: [ app_begin ] --END-- [ RunTime:0.000431s ]
INFO: [ view_parse ] --START--
INFO: [ template_filter ] --START--
INFO: Run Behavior\ContentReplaceBehavior [ RunTime:0.022611s ]
INFO: [ template_filter ] --END-- [ RunTime:0.022679s ]
INFO: Run Behavior\ParseTemplateBehavior [ RunTime:0.052314s ]
INFO: [ view_parse ] --END-- [ RunTime:0.052375s ]
INFO: [ view_filter ] --START--
INFO: Run Behavior\WriteHtmlCacheBehavior [ RunTime:0.000225s ]
INFO: [ view_filter ] --END-- [ RunTime:0.000257s ]
INFO: [ app_end ] --START--
INFO: Run Behavior\ShowPageTraceBehavior [ RunTime:0.000431s ]
INFO: [ app_end ] --END-- [ RunTime:0.000470s ]

[ 2016-09-01T07:46:06+08:00 ] 127.0.0.1 /index.php/Home/Index/getimg.html
INFO: [ app_init ] --START--
INFO: Run Behavior\BuildLiteBehavior [ RunTime:0.000015s ]
INFO: [ app_init ] --END-- [ RunTime:0.000386s ]
INFO: [ app_begin ] --START--
INFO: Run Behavior\ReadHtmlCacheBehavior [ RunTime:0.000489s ]
INFO: [ app_begin ] --END-- [ RunTime:0.000551s ]
SQL: SHOW COLUMNS FROM `m_user` [ RunTime:0.0663s ]
SQL: SELECT `avatar` FROM `m_user` WHERE `user_id` = 12 LIMIT 1   [ RunTime:0.0003s ]
SQL: SELECT `username` FROM `m_user` WHERE `user_id` = 12 LIMIT 1   [ RunTime:0.0002s ]

[ 2016-09-01T07:47:52+08:00 ] 127.0.0.1 /index.php/Home/Main/main.html
INFO: [ app_init ] --START--
INFO: Run Behavior\BuildLiteBehavior [ RunTime:0.000012s ]
INFO: [ app_init ] --END-- [ RunTime:0.000360s ]
INFO: [ app_begin ] --START--
INFO: Run Behavior\ReadHtmlCacheBehavior [ RunTime:0.000648s ]
INFO: [ app_begin ] --END-- [ RunTime:0.000726s ]
INFO: [ view_parse ] --START--
INFO: [ template_filter ] --START--
INFO: Run Behavior\ContentReplaceBehavior [ RunTime:0.000057s ]
INFO: [ template_filter ] --END-- [ RunTime:0.000101s ]
INFO: Run Behavior\ParseTemplateBehavior [ RunTime:0.005694s ]
INFO: [ view_parse ] --END-- [ RunTime:0.005749s ]
INFO: [ view_filter ] --START--
INFO: Run Behavior\WriteHtmlCacheBehavior [ RunTime:0.000234s ]
INFO: [ view_filter ] --END-- [ RunTime:0.000262s ]
INFO: [ app_end ] --START--
INFO: Run Behavior\ShowPageTraceBehavior [ RunTime:0.000488s ]
INFO: [ app_end ] --END-- [ RunTime:0.000533s ]

[ 2016-09-01T07:47:53+08:00 ] 127.0.0.1 /index.php/Home/Index/getimg.html
INFO: [ app_init ] --START--
INFO: Run Behavior\BuildLiteBehavior [ RunTime:0.000019s ]
INFO: [ app_init ] --END-- [ RunTime:0.000482s ]
INFO: [ app_begin ] --START--
INFO: Run Behavior\ReadHtmlCacheBehavior [ RunTime:0.000527s ]
INFO: [ app_begin ] --END-- [ RunTime:0.000581s ]
SQL: SHOW COLUMNS FROM `m_user` [ RunTime:0.0064s ]
SQL: SELECT `avatar` FROM `m_user` WHERE `user_id` = 12 LIMIT 1   [ RunTime:0.0010s ]
SQL: SELECT `username` FROM `m_user` WHERE `user_id` = 12 LIMIT 1   [ RunTime:0.0008s ]

[ 2016-09-01T07:48:08+08:00 ] 127.0.0.1 /index.php/Home/Main/main.html
INFO: [ app_init ] --START--
INFO: Run Behavior\BuildLiteBehavior [ RunTime:0.000020s ]
INFO: [ app_init ] --END-- [ RunTime:0.000773s ]
INFO: [ app_begin ] --START--
INFO: Run Behavior\ReadHtmlCacheBehavior [ RunTime:0.000603s ]
INFO: [ app_begin ] --END-- [ RunTime:0.000688s ]
INFO: [ view_parse ] --START--
INFO: [ template_filter ] --START--
INFO: Run Behavior\ContentReplaceBehavior [ RunTime:0.000104s ]
INFO: [ template_filter ] --END-- [ RunTime:0.000181s ]
INFO: Run Behavior\ParseTemplateBehavior [ RunTime:0.008795s ]
INFO: [ view_parse ] --END-- [ RunTime:0.008875s ]
INFO: [ view_filter ] --START--
INFO: Run Behavior\WriteHtmlCacheBehavior [ RunTime:0.000330s ]
INFO: [ view_filter ] --END-- [ RunTime:0.000381s ]
INFO: [ app_end ] --START--
INFO: Run Behavior\ShowPageTraceBehavior [ RunTime:0.000739s ]
INFO: [ app_end ] --END-- [ RunTime:0.000826s ]

[ 2016-09-01T07:48:09+08:00 ] 127.0.0.1 /index.php/Home/Index/getimg.html
INFO: [ app_init ] --START--
INFO: Run Behavior\BuildLiteBehavior [ RunTime:0.000017s ]
INFO: [ app_init ] --END-- [ RunTime:0.000497s ]
INFO: [ app_begin ] --START--
INFO: Run Behavior\ReadHtmlCacheBehavior [ RunTime:0.001391s ]
INFO: [ app_begin ] --END-- [ RunTime:0.001529s ]
SQL: SHOW COLUMNS FROM `m_user` [ RunTime:0.0071s ]
SQL: SELECT `avatar` FROM `m_user` WHERE `user_id` = 12 LIMIT 1   [ RunTime:0.0003s ]
SQL: SELECT `username` FROM `m_user` WHERE `user_id` = 12 LIMIT 1   [ RunTime:0.0019s ]

[ 2016-09-01T07:48:14+08:00 ] 127.0.0.1 /index.php/Home/Main/main.html
INFO: [ app_init ] --START--
INFO: Run Behavior\BuildLiteBehavior [ RunTime:0.000014s ]
INFO: [ app_init ] --END-- [ RunTime:0.000294s ]
INFO: [ app_begin ] --START--
INFO: Run Behavior\ReadHtmlCacheBehavior [ RunTime:0.000310s ]
INFO: [ app_begin ] --END-- [ RunTime:0.000346s ]
INFO: [ view_parse ] --START--
INFO: [ template_filter ] --START--
INFO: Run Behavior\ContentReplaceBehavior [ RunTime:0.000047s ]
INFO: [ template_filter ] --END-- [ RunTime:0.000082s ]
INFO: Run Behavior\ParseTemplateBehavior [ RunTime:0.004644s ]
INFO: [ view_parse ] --END-- [ RunTime:0.004682s ]
INFO: [ view_filter ] --START--
INFO: Run Behavior\WriteHtmlCacheBehavior [ RunTime:0.000159s ]
INFO: [ view_filter ] --END-- [ RunTime:0.000184s ]
INFO: [ app_end ] --START--
INFO: Run Behavior\ShowPageTraceBehavior [ RunTime:0.000384s ]
INFO: [ app_end ] --END-- [ RunTime:0.000433s ]

[ 2016-09-01T07:48:15+08:00 ] 127.0.0.1 /index.php/Home/Index/getimg.html
INFO: [ app_init ] --START--
INFO: Run Behavior\BuildLiteBehavior [ RunTime:0.000059s ]
INFO: [ app_init ] --END-- [ RunTime:0.000841s ]
INFO: [ app_begin ] --START--
INFO: Run Behavior\ReadHtmlCacheBehavior [ RunTime:0.000539s ]
INFO: [ app_begin ] --END-- [ RunTime:0.000603s ]
SQL: SHOW COLUMNS FROM `m_user` [ RunTime:0.0090s ]
SQL: SELECT `avatar` FROM `m_user` WHERE `user_id` = 12 LIMIT 1   [ RunTime:0.0009s ]
SQL: SELECT `username` FROM `m_user` WHERE `user_id` = 12 LIMIT 1   [ RunTime:0.0003s ]

[ 2016-09-01T07:48:18+08:00 ] 127.0.0.1 /index.php/Home/Main/main.html
INFO: [ app_init ] --START--
INFO: Run Behavior\BuildLiteBehavior [ RunTime:0.000017s ]
INFO: [ app_init ] --END-- [ RunTime:0.000471s ]
INFO: [ app_begin ] --START--
INFO: Run Behavior\ReadHtmlCacheBehavior [ RunTime:0.000574s ]
INFO: [ app_begin ] --END-- [ RunTime:0.000653s ]
INFO: [ view_parse ] --START--
INFO: [ template_filter ] --START--
INFO: Run Behavior\ContentReplaceBehavior [ RunTime:0.000097s ]
INFO: [ template_filter ] --END-- [ RunTime:0.000173s ]
INFO: Run Behavior\ParseTemplateBehavior [ RunTime:0.009219s ]
INFO: [ view_parse ] --END-- [ RunTime:0.009299s ]
INFO: [ view_filter ] --START--
INFO: Run Behavior\WriteHtmlCacheBehavior [ RunTime:0.000331s ]
INFO: [ view_filter ] --END-- [ RunTime:0.000381s ]
INFO: [ app_end ] --START--
INFO: Run Behavior\ShowPageTraceBehavior [ RunTime:0.000651s ]
INFO: [ app_end ] --END-- [ RunTime:0.000728s ]

[ 2016-09-01T07:48:19+08:00 ] 127.0.0.1 /index.php/Home/Index/getimg.html
INFO: [ app_init ] --START--
INFO: Run Behavior\BuildLiteBehavior [ RunTime:0.000018s ]
INFO: [ app_init ] --END-- [ RunTime:0.000625s ]
INFO: [ app_begin ] --START--
INFO: Run Behavior\ReadHtmlCacheBehavior [ RunTime:0.000653s ]
INFO: [ app_begin ] --END-- [ RunTime:0.000733s ]
SQL: SHOW COLUMNS FROM `m_user` [ RunTime:0.0513s ]
SQL: SELECT `avatar` FROM `m_user` WHERE `user_id` = 12 LIMIT 1   [ RunTime:0.0005s ]
SQL: SELECT `username` FROM `m_user` WHERE `user_id` = 12 LIMIT 1   [ RunTime:0.0004s ]

[ 2016-09-01T07:48:40+08:00 ] 127.0.0.1 /index.php/Home/Main/main.html
INFO: [ app_init ] --START--
INFO: Run Behavior\BuildLiteBehavior [ RunTime:0.000016s ]
INFO: [ app_init ] --END-- [ RunTime:0.000346s ]
INFO: [ app_begin ] --START--
INFO: Run Behavior\ReadHtmlCacheBehavior [ RunTime:0.000577s ]
INFO: [ app_begin ] --END-- [ RunTime:0.000711s ]
INFO: [ view_parse ] --START--
INFO: [ template_filter ] --START--
INFO: Run Behavior\ContentReplaceBehavior [ RunTime:0.000053s ]
INFO: [ template_filter ] --END-- [ RunTime:0.000091s ]
INFO: Run Behavior\ParseTemplateBehavior [ RunTime:0.004824s ]
INFO: [ view_parse ] --END-- [ RunTime:0.004871s ]
INFO: [ view_filter ] --START--
INFO: Run Behavior\WriteHtmlCacheBehavior [ RunTime:0.000202s ]
INFO: [ view_filter ] --END-- [ RunTime:0.000233s ]
INFO: [ app_end ] --START--
INFO: Run Behavior\ShowPageTraceBehavior [ RunTime:0.000527s ]
INFO: [ app_end ] --END-- [ RunTime:0.000588s ]

[ 2016-09-01T07:48:40+08:00 ] 127.0.0.1 /index.php/Home/Index/getimg.html
INFO: [ app_init ] --START--
INFO: Run Behavior\BuildLiteBehavior [ RunTime:0.000016s ]
INFO: [ app_init ] --END-- [ RunTime:0.000488s ]
INFO: [ app_begin ] --START--
INFO: Run Behavior\ReadHtmlCacheBehavior [ RunTime:0.000580s ]
INFO: [ app_begin ] --END-- [ RunTime:0.000645s ]
SQL: SHOW COLUMNS FROM `m_user` [ RunTime:0.0083s ]
SQL: SELECT `avatar` FROM `m_user` WHERE `user_id` = 12 LIMIT 1   [ RunTime:0.0004s ]
SQL: SELECT `username` FROM `m_user` WHERE `user_id` = 12 LIMIT 1   [ RunTime:0.0003s ]

[ 2016-09-01T07:48:45+08:00 ] 127.0.0.1 /index.php/Home/Main/%7B%7D
INFO: [ app_init ] --START--
INFO: Run Behavior\BuildLiteBehavior [ RunTime:0.000010s ]
INFO: [ app_init ] --END-- [ RunTime:0.000254s ]
INFO: [ app_begin ] --START--
INFO: Run Behavior\ReadHtmlCacheBehavior [ RunTime:0.000306s ]
INFO: [ app_begin ] --END-- [ RunTime:0.000342s ]
ERR: 非法操作:{}

[ 2016-09-01T07:48:49+08:00 ] 127.0.0.1 /index.php/Home/Index/getimg.html
INFO: [ app_init ] --START--
INFO: Run Behavior\BuildLiteBehavior [ RunTime:0.000023s ]
INFO: [ app_init ] --END-- [ RunTime:0.000622s ]
INFO: [ app_begin ] --START--
INFO: Run Behavior\ReadHtmlCacheBehavior [ RunTime:0.000576s ]
INFO: [ app_begin ] --END-- [ RunTime:0.000648s ]
SQL: SHOW COLUMNS FROM `m_user` [ RunTime:0.0070s ]
SQL: SELECT `avatar` FROM `m_user` WHERE `user_id` = 12 LIMIT 1   [ RunTime:0.0003s ]
SQL: SELECT `username` FROM `m_user` WHERE `user_id` = 12 LIMIT 1   [ RunTime:0.0002s ]

[ 2016-09-01T07:52:19+08:00 ] 127.0.0.1 /index.php/Home/Main/main.html
INFO: [ app_init ] --START--
INFO: Run Behavior\BuildLiteBehavior [ RunTime:0.000013s ]
INFO: [ app_init ] --END-- [ RunTime:0.000435s ]
INFO: [ app_begin ] --START--
INFO: Run Behavior\ReadHtmlCacheBehavior [ RunTime:0.000383s ]
INFO: [ app_begin ] --END-- [ RunTime:0.000433s ]
INFO: [ view_parse ] --START--
INFO: [ template_filter ] --START--
INFO: Run Behavior\ContentReplaceBehavior [ RunTime:0.000054s ]
INFO: [ template_filter ] --END-- [ RunTime:0.000095s ]
INFO: Run Behavior\ParseTemplateBehavior [ RunTime:0.005308s ]
INFO: [ view_parse ] --END-- [ RunTime:0.005366s ]
INFO: [ view_filter ] --START--
INFO: Run Behavior\WriteHtmlCacheBehavior [ RunTime:0.000279s ]
INFO: [ view_filter ] --END-- [ RunTime:0.000347s ]
INFO: [ app_end ] --START--
INFO: Run Behavior\ShowPageTraceBehavior [ RunTime:0.000792s ]
INFO: [ app_end ] --END-- [ RunTime:0.001284s ]

[ 2016-09-01T07:52:20+08:00 ] 127.0.0.1 /index.php/Home/Index/getimg.html
INFO: [ app_init ] --START--
INFO: Run Behavior\BuildLiteBehavior [ RunTime:0.000012s ]
INFO: [ app_init ] --END-- [ RunTime:0.000287s ]
INFO: [ app_begin ] --START--
INFO: Run Behavior\ReadHtmlCacheBehavior [ RunTime:0.000366s ]
INFO: [ app_begin ] --END-- [ RunTime:0.000408s ]
SQL: SHOW COLUMNS FROM `m_user` [ RunTime:0.0063s ]
SQL: SELECT `avatar` FROM `m_user` WHERE `user_id` = 12 LIMIT 1   [ RunTime:0.0003s ]
SQL: SELECT `username` FROM `m_user` WHERE `user_id` = 12 LIMIT 1   [ RunTime:0.0002s ]

[ 2016-09-01T07:52:22+08:00 ] 127.0.0.1 /index.php/Home/Index/back.html
INFO: [ app_init ] --START--
INFO: Run Behavior\BuildLiteBehavior [ RunTime:0.000009s ]
INFO: [ app_init ] --END-- [ RunTime:0.000252s ]
INFO: [ app_begin ] --START--
INFO: Run Behavior\ReadHtmlCacheBehavior [ RunTime:0.000320s ]
INFO: [ app_begin ] --END-- [ RunTime:0.000359s ]
INFO: [ view_parse ] --START--
INFO: [ template_filter ] --START--
INFO: Run Behavior\ContentReplaceBehavior [ RunTime:0.000043s ]
INFO: [ template_filter ] --END-- [ RunTime:0.000105s ]
INFO: Run Behavior\ParseTemplateBehavior [ RunTime:0.028266s ]
INFO: [ view_parse ] --END-- [ RunTime:0.028326s ]
INFO: [ view_filter ] --START--
INFO: Run Behavior\WriteHtmlCacheBehavior [ RunTime:0.000287s ]
INFO: [ view_filter ] --END-- [ RunTime:0.000333s ]
INFO: [ app_end ] --START--
INFO: Run Behavior\ShowPageTraceBehavior [ RunTime:0.000569s ]
INFO: [ app_end ] --END-- [ RunTime:0.000626s ]

[ 2016-09-01T07:52:23+08:00 ] 127.0.0.1 /index.php/Home/Index/%7B:U('Index/index')%7D
INFO: [ app_init ] --START--
INFO: Run Behavior\BuildLiteBehavior [ RunTime:0.000018s ]
INFO: [ app_init ] --END-- [ RunTime:0.000458s ]
INFO: [ app_begin ] --START--
INFO: Run Behavior\ReadHtmlCacheBehavior [ RunTime:0.000651s ]
INFO: [ app_begin ] --END-- [ RunTime:0.000737s ]
ERR: 非法操作:{:U('Index

[ 2016-09-01T07:52:54+08:00 ] 127.0.0.1 /index.php/Home/Index/%7B:U('Index/index')%7D
INFO: [ app_init ] --START--
INFO: Run Behavior\BuildLiteBehavior [ RunTime:0.000010s ]
INFO: [ app_init ] --END-- [ RunTime:0.000266s ]
INFO: [ app_begin ] --START--
INFO: Run Behavior\ReadHtmlCacheBehavior [ RunTime:0.000346s ]
INFO: [ app_begin ] --END-- [ RunTime:0.000382s ]
ERR: 非法操作:{:U('Index

[ 2016-09-01T07:52:57+08:00 ] 127.0.0.1 /index.php/Home/Index/getimg.html
INFO: [ app_init ] --START--
INFO: Run Behavior\BuildLiteBehavior [ RunTime:0.000029s ]
INFO: [ app_init ] --END-- [ RunTime:0.000670s ]
INFO: [ app_begin ] --START--
INFO: Run Behavior\ReadHtmlCacheBehavior [ RunTime:0.000859s ]
INFO: [ app_begin ] --END-- [ RunTime:0.000929s ]
SQL: SHOW COLUMNS FROM `m_user` [ RunTime:0.0077s ]
SQL: SELECT `avatar` FROM `m_user` WHERE `user_id` = null LIMIT 1   [ RunTime:0.0214s ]
SQL: SELECT `username` FROM `m_user` WHERE `user_id` = null LIMIT 1   [ RunTime:0.0002s ]
INFO: [ app_end ] --START--
INFO: Run Behavior\ShowPageTraceBehavior [ RunTime:0.000495s ]
INFO: [ app_end ] --END-- [ RunTime:0.000534s ]

[ 2016-09-01T07:53:00+08:00 ] 127.0.0.1 /index.php/Home/Main/main.html
INFO: [ app_init ] --START--
INFO: Run Behavior\BuildLiteBehavior [ RunTime:0.000011s ]
INFO: [ app_init ] --END-- [ RunTime:0.000282s ]
INFO: [ app_begin ] --START--
INFO: Run Behavior\ReadHtmlCacheBehavior [ RunTime:0.000302s ]
INFO: [ app_begin ] --END-- [ RunTime:0.000339s ]
INFO: [ view_parse ] --START--
INFO: [ template_filter ] --START--
INFO: Run Behavior\ContentReplaceBehavior [ RunTime:0.000055s ]
INFO: [ template_filter ] --END-- [ RunTime:0.000099s ]
INFO: Run Behavior\ParseTemplateBehavior [ RunTime:0.005454s ]
INFO: [ view_parse ] --END-- [ RunTime:0.005494s ]
INFO: [ view_filter ] --START--
INFO: Run Behavior\WriteHtmlCacheBehavior [ RunTime:0.000192s ]
INFO: [ view_filter ] --END-- [ RunTime:0.000220s ]
INFO: [ app_end ] --START--
INFO: Run Behavior\ShowPageTraceBehavior [ RunTime:0.000448s ]
INFO: [ app_end ] --END-- [ RunTime:0.000495s ]

[ 2016-09-01T07:53:00+08:00 ] 127.0.0.1 /index.php/Home/Index/getimg.html
INFO: [ app_init ] --START--
INFO: Run Behavior\BuildLiteBehavior [ RunTime:0.000018s ]
INFO: [ app_init ] --END-- [ RunTime:0.000609s ]
INFO: [ app_begin ] --START--
INFO: Run Behavior\ReadHtmlCacheBehavior [ RunTime:0.000721s ]
INFO: [ app_begin ] --END-- [ RunTime:0.000819s ]
SQL: SHOW COLUMNS FROM `m_user` [ RunTime:0.0070s ]
SQL: SELECT `avatar` FROM `m_user` WHERE `user_id` = null LIMIT 1   [ RunTime:0.0003s ]
SQL: SELECT `username` FROM `m_user` WHERE `user_id` = null LIMIT 1   [ RunTime:0.0003s ]
INFO: [ app_end ] --START--
INFO: Run Behavior\ShowPageTraceBehavior [ RunTime:0.000979s ]
INFO: [ app_end ] --END-- [ RunTime:0.001063s ]

[ 2016-09-01T07:53:02+08:00 ] 127.0.0.1 /index.php/Home/Main/main.html
INFO: [ app_init ] --START--
INFO: Run Behavior\BuildLiteBehavior [ RunTime:0.000010s ]
INFO: [ app_init ] --END-- [ RunTime:0.000255s ]
INFO: [ app_begin ] --START--
INFO: Run Behavior\ReadHtmlCacheBehavior [ RunTime:0.000334s ]
INFO: [ app_begin ] --END-- [ RunTime:0.000370s ]
INFO: [ view_parse ] --START--
INFO: [ template_filter ] --START--
INFO: Run Behavior\ContentReplaceBehavior [ RunTime:0.000050s ]
INFO: [ template_filter ] --END-- [ RunTime:0.000085s ]
INFO: Run Behavior\ParseTemplateBehavior [ RunTime:0.004652s ]
INFO: [ view_parse ] --END-- [ RunTime:0.004690s ]
INFO: [ view_filter ] --START--
INFO: Run Behavior\WriteHtmlCacheBehavior [ RunTime:0.000161s ]
INFO: [ view_filter ] --END-- [ RunTime:0.000186s ]
INFO: [ app_end ] --START--
INFO: Run Behavior\ShowPageTraceBehavior [ RunTime:0.000501s ]
INFO: [ app_end ] --END-- [ RunTime:0.000562s ]

[ 2016-09-01T07:53:03+08:00 ] 127.0.0.1 /index.php/Home/Index/getimg.html
INFO: [ app_init ] --START--
INFO: Run Behavior\BuildLiteBehavior [ RunTime:0.000017s ]
INFO: [ app_init ] --END-- [ RunTime:0.000334s ]
INFO: [ app_begin ] --START--
INFO: Run Behavior\ReadHtmlCacheBehavior [ RunTime:0.000489s ]
INFO: [ app_begin ] --END-- [ RunTime:0.000546s ]
SQL: SHOW COLUMNS FROM `m_user` [ RunTime:0.0061s ]
SQL: SELECT `avatar` FROM `m_user` WHERE `user_id` = null LIMIT 1   [ RunTime:0.0003s ]
SQL: SELECT `username` FROM `m_user` WHERE `user_id` = null LIMIT 1   [ RunTime:0.0002s ]
INFO: [ app_end ] --START--
INFO: Run Behavior\ShowPageTraceBehavior [ RunTime:0.000720s ]
INFO: [ app_end ] --END-- [ RunTime:0.000783s ]

[ 2016-09-01T07:53:04+08:00 ] 127.0.0.1 /index.php/Home/Index/back.html
INFO: [ app_init ] --START--
INFO: Run Behavior\BuildLiteBehavior [ RunTime:0.000010s ]
INFO: [ app_init ] --END-- [ RunTime:0.000253s ]
INFO: [ app_begin ] --START--
INFO: Run Behavior\ReadHtmlCacheBehavior [ RunTime:0.000356s ]
INFO: [ app_begin ] --END-- [ RunTime:0.000394s ]
INFO: [ view_parse ] --START--
INFO: [ template_filter ] --START--
INFO: Run Behavior\ContentReplaceBehavior [ RunTime:0.000036s ]
INFO: [ template_filter ] --END-- [ RunTime:0.000088s ]
INFO: Run Behavior\ParseTemplateBehavior [ RunTime:0.004809s ]
INFO: [ view_parse ] --END-- [ RunTime:0.004864s ]
INFO: [ view_filter ] --START--
INFO: Run Behavior\WriteHtmlCacheBehavior [ RunTime:0.000192s ]
INFO: [ view_filter ] --END-- [ RunTime:0.000222s ]
INFO: [ app_end ] --START--
INFO: Run Behavior\ShowPageTraceBehavior [ RunTime:0.000370s ]
INFO: [ app_end ] --END-- [ RunTime:0.000404s ]

[ 2016-09-01T07:53:05+08:00 ] 127.0.0.1 /index.php/Home/Index/Index/index
INFO: [ app_init ] --START--
INFO: Run Behavior\BuildLiteBehavior [ RunTime:0.000010s ]
INFO: [ app_init ] --END-- [ RunTime:0.000257s ]
INFO: [ app_begin ] --START--
INFO: Run Behavior\ReadHtmlCacheBehavior [ RunTime:0.000307s ]
INFO: [ app_begin ] --END-- [ RunTime:0.000344s ]
INFO: [ view_parse ] --START--
INFO: [ template_filter ] --START--
INFO: Run Behavior\ContentReplaceBehavior [ RunTime:0.000041s ]
INFO: [ template_filter ] --END-- [ RunTime:0.000083s ]
INFO: Run Behavior\ParseTemplateBehavior [ RunTime:0.005573s ]
INFO: [ view_parse ] --END-- [ RunTime:0.005618s ]
INFO: [ view_filter ] --START--
INFO: Run Behavior\WriteHtmlCacheBehavior [ RunTime:0.000169s ]
INFO: [ view_filter ] --END-- [ RunTime:0.000195s ]
INFO: [ app_end ] --START--
INFO: Run Behavior\ShowPageTraceBehavior [ RunTime:0.000340s ]
INFO: [ app_end ] --END-- [ RunTime:0.000371s ]

